<?xml version="1.0" encoding="UTF-8"?>
<testng-results skipped="0" failed="0" ignored="0" total="1" passed="1">
  <reporter-output>
  </reporter-output>
  <suite name="Suite" duration-ms="33122" started-at="2021-02-22T15:12:01Z" finished-at="2021-02-22T15:12:34Z">
    <groups>
    </groups>
    <test name="Test" duration-ms="33122" started-at="2021-02-22T15:12:01Z" finished-at="2021-02-22T15:12:34Z">
      <class name="com.bongz.tests.MultiplyTests">
        <test-method status="PASS" signature="setUp([Ljava.lang.Object;)[pri:0, instance:com.bongz.tests.MultiplyTests@59ec2012]" name="setUp" is-config="true" duration-ms="24599" started-at="2021-02-22T15:12:02Z" finished-at="2021-02-22T15:12:27Z">
          <params>
            <param index="0">
              <value>
                <![CDATA[[Ljava.lang.Object;@14fc1f0]]>
              </value>
            </param>
          </params>
          <reporter-output>
          </reporter-output>
        </test-method> <!-- setUp -->
        <test-method status="PASS" signature="multiplyLoginLogoutTest(java.util.Map)[pri:0, instance:com.bongz.tests.MultiplyTests@59ec2012]" name="multiplyLoginLogoutTest" duration-ms="5549" started-at="2021-02-22T15:12:27Z" description="Blah blah" finished-at="2021-02-22T15:12:32Z">
          <params>
            <param index="0">
              <value>
                <![CDATA[{password=@KBTokzan4078, testname=multiplyLoginLogoutTest, execute=yes, browser=chrome, username=bomaseko1}]]>
              </value>
            </param>
          </params>
          <reporter-output>
          </reporter-output>
        </test-method> <!-- multiplyLoginLogoutTest -->
        <test-method status="PASS" signature="tearDown()[pri:0, instance:com.bongz.tests.MultiplyTests@59ec2012]" name="tearDown" is-config="true" duration-ms="1771" started-at="2021-02-22T15:12:32Z" finished-at="2021-02-22T15:12:34Z">
          <reporter-output>
          </reporter-output>
        </test-method> <!-- tearDown -->
      </class> <!-- com.bongz.tests.MultiplyTests -->
    </test> <!-- Test -->
  </suite> <!-- Suite -->
</testng-results>
