<?xml version="1.0" encoding="UTF-8"?>
<testng-results skipped="0" failed="0" ignored="0" total="1" passed="1">
  <reporter-output>
  </reporter-output>
  <suite name="Suite" duration-ms="26128" started-at="2021-02-24T08:58:03Z" finished-at="2021-02-24T08:58:29Z">
    <groups>
    </groups>
    <test name="Test" duration-ms="26128" started-at="2021-02-24T08:58:03Z" finished-at="2021-02-24T08:58:29Z">
      <class name="com.bongz.tests.MultiplyTests">
        <test-method status="PASS" signature="setUp([Ljava.lang.Object;)[pri:0, instance:com.bongz.tests.MultiplyTests@59ec2012]" name="setUp" is-config="true" duration-ms="17091" started-at="2021-02-24T08:58:04Z" finished-at="2021-02-24T08:58:21Z">
          <params>
            <param index="0">
              <value>
                <![CDATA[[Ljava.lang.Object;@4ae9cfc1]]>
              </value>
            </param>
          </params>
          <reporter-output>
          </reporter-output>
        </test-method> <!-- setUp -->
        <test-method status="PASS" signature="multiplyOptionsTest(java.util.Map)[pri:0, instance:com.bongz.tests.MultiplyTests@59ec2012]" name="multiplyOptionsTest" duration-ms="6689" started-at="2021-02-24T08:58:21Z" description="To check multiply options test" finished-at="2021-02-24T08:58:28Z">
          <params>
            <param index="0">
              <value>
                <![CDATA[{password=, testname=multiplyOptionsTest, execute=yes, browser=chrome, username=}]]>
              </value>
            </param>
          </params>
          <reporter-output>
          </reporter-output>
        </test-method> <!-- multiplyOptionsTest -->
        <test-method status="PASS" signature="tearDown()[pri:0, instance:com.bongz.tests.MultiplyTests@59ec2012]" name="tearDown" is-config="true" duration-ms="1428" started-at="2021-02-24T08:58:28Z" finished-at="2021-02-24T08:58:29Z">
          <reporter-output>
          </reporter-output>
        </test-method> <!-- tearDown -->
      </class> <!-- com.bongz.tests.MultiplyTests -->
    </test> <!-- Test -->
  </suite> <!-- Suite -->
</testng-results>
